[0m12:08:57.637935 [debug] [MainThread]: Sending event: {'category': 'dbt', 'action': 'invocation', 'label': 'start', 'context': [<snowplow_tracker.self_describing_json.SelfDescribingJson object at 0x000001640B35A050>, <snowplow_tracker.self_describing_json.SelfDescribingJson object at 0x000001640FC2FA10>, <snowplow_tracker.self_describing_json.SelfDescribingJson object at 0x000001640FC2FA90>]}


============================== 12:08:57.660425 | 51d0ff85-808a-409a-8845-f70d71a41e57 ==============================
[0m12:08:57.660425 [info ] [MainThread]: Running with dbt=1.11.8
[0m12:08:57.660425 [debug] [MainThread]: running dbt with arguments {'static_parser': 'True', 'no_print': 'None', 'version_check': 'True', 'warn_error_options': 'WarnErrorOptionsV2(error=[], warn=[], silence=[])', 'target_path': 'None', 'printer_width': '80', 'write_json': 'True', 'introspect': 'True', 'log_cache_events': 'False', 'empty': 'None', 'cache_selected_only': 'False', 'fail_fast': 'False', 'debug': 'False', 'log_format': 'default', 'profiles_dir': 'C:\\Users\\vivia\\.dbt', 'send_anonymous_usage_stats': 'True', 'quiet': 'False', 'warn_error': 'None', 'partial_parse': 'True', 'invocation_command': 'dbt init sales_transforms', 'use_colors': 'True', 'indirect_selection': 'eager', 'use_experimental_parser': 'False', 'log_path': 'logs'}
[0m12:08:57.882398 [info ] [MainThread]: Creating dbt configuration folder at C:\Users\vivia\.dbt
[0m12:08:57.891880 [debug] [MainThread]: Starter project path: C:\Users\vivia\AppData\Roaming\Python\Python311\site-packages\dbt\include\starter_project
[0m12:08:57.953025 [info ] [MainThread]: 
Your new dbt project "sales_transforms" was created!

For more information on how to configure the profiles.yml file,
please consult the dbt documentation here:

  https://docs.getdbt.com/docs/configure-your-profile

One more thing:

Need help? Don't hesitate to reach out to us via GitHub issues or on Slack:

  https://community.getdbt.com/

Happy modeling!

[0m12:08:57.955032 [info ] [MainThread]: Setting up your profile.
[0m12:11:14.911312 [debug] [MainThread]: Snowflake adapter: Setting snowflake.connector to ERROR (file logging only)
[0m12:11:14.911312 [debug] [MainThread]: Snowflake adapter: Setting botocore to ERROR (file logging only)
[0m12:11:14.911312 [debug] [MainThread]: Snowflake adapter: Setting boto3 to ERROR (file logging only)
[0m12:15:55.554768 [info ] [MainThread]: Profile sales_transforms written to C:\Users\vivia\.dbt\profiles.yml using target's profile_template.yml and your supplied values. Run 'dbt debug' to validate the connection.
[0m12:15:55.637883 [debug] [MainThread]: Command `dbt init` succeeded at 12:15:55.633882 after 418.26 seconds
[0m12:15:55.650542 [debug] [MainThread]: Sending event: {'category': 'dbt', 'action': 'invocation', 'label': 'end', 'context': [<snowplow_tracker.self_describing_json.SelfDescribingJson object at 0x000001640FC4C090>, <snowplow_tracker.self_describing_json.SelfDescribingJson object at 0x000001640FC4E5D0>, <snowplow_tracker.self_describing_json.SelfDescribingJson object at 0x0000016409658310>]}
[0m12:15:55.667395 [debug] [MainThread]: Flushing usage events
[0m12:15:56.797252 [debug] [MainThread]: An error was encountered while trying to flush usage events
